[2026-02-07T12:58:59-08:00] Fetching remote file list...
[2026-02-07T12:59:57-08:00] Fetching remote file list...
[2026-02-07T13:02:26-08:00] Fetching remote file list using authorized token...
[2026-02-07T13:06:58-08:00] Fetching remote file list using authorized token...
[2026-02-07T13:14:31-08:00] Fetching remote file list using authorized token...
[2026-02-07T13:16:48-08:00] Fetching remote file list using authorized token...
[2026-02-07T13:16:59-08:00] Fetching remote file list using authorized token...
[2026-02-07T13:17:09-08:00] Fetching remote file list using authorized token...
[2026-02-07T13:17:10-08:00] Processing remote files...
[2026-02-07T13:17:10-08:00] Sync complete. Updated: 0, New: 0
[2026-02-07T13:17:14-08:00] Fetching remote file list using authorized token...
[2026-02-07T13:17:15-08:00] Processing remote files...
[2026-02-07T13:17:15-08:00] Sync complete. Updated: 0, New: 0
[2026-02-07T13:17:22-08:00] Fetching remote file list using authorized token...
[2026-02-07T13:17:23-08:00] Processing remote files...
[2026-02-07T13:17:23-08:00] PATH B: New file detected: PRD Driven Design.note (1XFKyduf0Gtg7vO9lHKppQ6nTVGP5l1ui)
[2026-02-07T13:17:23-08:00] PATH B: New file detected: Cerebras.note (1p7yZ7Z107GXitifcb8SJaCuzqpsxZbwb)
[2026-02-07T13:17:23-08:00] PATH B: New file detected: RAI.note (1F-31spZlpZd7MRMoVjzHHodGdD2YnN9J)
[2026-02-07T13:17:23-08:00] PATH B: New file detected: Interview Prep Nvidia.note (1Z_SsjE1Snv3HJm7jb7UrnsxDIuNamePY)
[2026-02-07T13:17:24-08:00] PATH B: New file detected: WhidbeyIslandPoodlesLLC_2024_TaxPenalty.note (1Zq_GR7HUGKj9u4cr5ZThY0_W10DqUSP6)
[2026-02-07T13:17:24-08:00] PATH B: New file detected: Board Meeting 12.16.note (1xyj92mjwGo-LTp_G8zyIN0lXex06J7z3)
[2026-02-07T13:17:24-08:00] PATH B: New file detected: Cognitive Behavioral Technique.note (14XOAHTxSHILvFHlSE3omg16j-bT6BrHv)
[2026-02-07T13:17:24-08:00] PATH B: New file detected: Journal.note (1pAGpkpf2LQM2u6IORIg821eWM-u_0Rxu)
[2026-02-07T13:17:24-08:00] PATH B: New file detected: 20170805_024447.note (1WVag-9UymRjtJwTuRNMMoHkBoY0NGP3W)
[2026-02-07T13:17:24-08:00] PATH B: New file detected: Duck Pen.note (1P2FEyy33_7FwzaRiQ6ViISZKktAlBSwN)
[2026-02-07T13:17:24-08:00] PATH B: New file detected: Trial 07-08-25.note (1do8sus1QsyClgYATEQ0WK8jNnEwnkjUZ)
[2026-02-07T13:17:24-08:00] PATH B: New file detected: Offsite Team Meeting.note (1ODLKHezZrNw_2YV29JyFZO-FrFrzgbIM)
[2026-02-07T13:17:24-08:00] PATH B: New file detected: Packing List Nola.note (1ztl663bk1HcKpbwm1YiXrb_INw7HK8XS)
[2026-02-07T13:17:24-08:00] PATH B: New file detected: Neuro Followup.note (1KuQE9L7hMFxynUG1hwt38jS_hGZHbZ00)
[2026-02-07T13:17:24-08:00] PATH B: New file detected: Sheet Metal.note (1ZU0HgCeg-BlU0K_8Q8Vk2-w-FkNgBz8W)
[2026-02-07T13:17:24-08:00] PATH B: New file detected: One on one.note (1zp8CNmi1xzHjXV8IUExdDz0rfXiH70S1)
[2026-02-07T13:17:24-08:00] PATH B: New file detected: stimulants.note (1F6sSxFOP0b0SFzbS-M5sDCcIeOhoF1gw)
[2026-02-07T13:17:24-08:00] PATH B: New file detected: Inverter Hookup.note (1PvNNXeQpfKYZ65EmbOZFhIi7xz_qCHxi)
[2026-02-07T13:17:24-08:00] PATH B: New file detected: Whidbey Island Poodles.note (1GNztXfGfTeY_N32-MWBqvZKp49YRYqfA)
[2026-02-07T13:17:24-08:00] PATH B: New file detected: Workouts.note (1ZwKq-2VephjWpRiUz6PA5KsTlorTpCWl)
[2026-02-07T13:17:24-08:00] PATH B: New file detected: Camper Land.note (1rlLkabe-eRureeBi0OrnUJy_8r9b9Znh)
[2026-02-07T13:17:24-08:00] PATH B: New file detected: GitHub Onboarding.note (1ed6N3EaIdBb4KriOrxq-fgpozhIUr_jJ)
[2026-02-07T13:17:24-08:00] PATH B: New file detected: Transition Planning.note (1LXGmCyaPdbgq1FMizlTCamXU44mxlHZ5)
[2026-02-07T13:17:24-08:00] PATH B: New file detected: 20240601_200446.note (1nmh-TbJzQZPrDs7W0_UnAZZhA-niVAd2)
[2026-02-07T13:17:24-08:00] PATH B: New file detected: Ephemeral Notes.note (1G0r3gWMIqpUnmFmfcNdCE5Gi4EusZcmI)
[2026-02-07T13:17:24-08:00] Waking agent for 25 new file(s)
[2026-02-07T13:17:28-08:00] Agent wake triggered
[2026-02-07T13:17:28-08:00] Sync complete. Updated: 0, New: 25
[2026-02-07T13:49:33-08:00] Fetching remote file list using authorized token...
[2026-02-07T13:49:35-08:00] Processing remote files...
[2026-02-07T13:49:35-08:00] PATH B: New file detected: PRD Driven Design.note (1XFKyduf0Gtg7vO9lHKppQ6nTVGP5l1ui)
[2026-02-07T13:49:35-08:00] PATH B: New file detected: Cerebras.note (1p7yZ7Z107GXitifcb8SJaCuzqpsxZbwb)
[2026-02-07T13:49:35-08:00] PATH B: New file detected: RAI.note (1F-31spZlpZd7MRMoVjzHHodGdD2YnN9J)
[2026-02-07T13:49:35-08:00] PATH B: New file detected: Interview Prep Nvidia.note (1Z_SsjE1Snv3HJm7jb7UrnsxDIuNamePY)
[2026-02-07T13:49:35-08:00] PATH B: New file detected: WhidbeyIslandPoodlesLLC_2024_TaxPenalty.note (1Zq_GR7HUGKj9u4cr5ZThY0_W10DqUSP6)
[2026-02-07T13:49:35-08:00] PATH B: New file detected: Board Meeting 12.16.note (1xyj92mjwGo-LTp_G8zyIN0lXex06J7z3)
[2026-02-07T13:49:35-08:00] PATH B: New file detected: Cognitive Behavioral Technique.note (14XOAHTxSHILvFHlSE3omg16j-bT6BrHv)
[2026-02-07T13:49:35-08:00] PATH B: New file detected: Journal.note (1pAGpkpf2LQM2u6IORIg821eWM-u_0Rxu)
[2026-02-07T13:49:35-08:00] PATH B: New file detected: 20170805_024447.note (1WVag-9UymRjtJwTuRNMMoHkBoY0NGP3W)
[2026-02-07T13:49:35-08:00] PATH B: New file detected: Duck Pen.note (1P2FEyy33_7FwzaRiQ6ViISZKktAlBSwN)
[2026-02-07T13:49:35-08:00] PATH B: New file detected: Trial 07-08-25.note (1do8sus1QsyClgYATEQ0WK8jNnEwnkjUZ)
[2026-02-07T13:49:35-08:00] PATH B: New file detected: Offsite Team Meeting.note (1ODLKHezZrNw_2YV29JyFZO-FrFrzgbIM)
[2026-02-07T13:49:35-08:00] PATH B: New file detected: Packing List Nola.note (1ztl663bk1HcKpbwm1YiXrb_INw7HK8XS)
[2026-02-07T13:49:35-08:00] PATH B: New file detected: Neuro Followup.note (1KuQE9L7hMFxynUG1hwt38jS_hGZHbZ00)
[2026-02-07T13:49:35-08:00] PATH B: New file detected: Sheet Metal.note (1ZU0HgCeg-BlU0K_8Q8Vk2-w-FkNgBz8W)
[2026-02-07T13:49:35-08:00] PATH B: New file detected: One on one.note (1zp8CNmi1xzHjXV8IUExdDz0rfXiH70S1)
[2026-02-07T13:49:35-08:00] PATH B: New file detected: stimulants.note (1F6sSxFOP0b0SFzbS-M5sDCcIeOhoF1gw)
[2026-02-07T13:49:35-08:00] PATH B: New file detected: Inverter Hookup.note (1PvNNXeQpfKYZ65EmbOZFhIi7xz_qCHxi)
[2026-02-07T13:49:35-08:00] PATH B: New file detected: Whidbey Island Poodles.note (1GNztXfGfTeY_N32-MWBqvZKp49YRYqfA)
[2026-02-07T13:49:35-08:00] PATH B: New file detected: Workouts.note (1ZwKq-2VephjWpRiUz6PA5KsTlorTpCWl)
[2026-02-07T13:49:35-08:00] PATH B: New file detected: Camper Land.note (1rlLkabe-eRureeBi0OrnUJy_8r9b9Znh)
[2026-02-07T13:49:35-08:00] PATH B: New file detected: GitHub Onboarding.note (1ed6N3EaIdBb4KriOrxq-fgpozhIUr_jJ)
[2026-02-07T13:49:35-08:00] PATH B: New file detected: Transition Planning.note (1LXGmCyaPdbgq1FMizlTCamXU44mxlHZ5)
[2026-02-07T13:49:35-08:00] PATH B: New file detected: 20240601_200446.note (1nmh-TbJzQZPrDs7W0_UnAZZhA-niVAd2)
[2026-02-07T13:49:35-08:00] PATH B: New file detected: Ephemeral Notes.note (1G0r3gWMIqpUnmFmfcNdCE5Gi4EusZcmI)
[2026-02-07T13:49:35-08:00] Waking agent for 25 new file(s)
[2026-02-07T13:49:39-08:00] Agent wake triggered
[2026-02-07T13:49:39-08:00] Sync complete. Updated: 0, New: 25
[2026-02-07T15:52:37-08:00] Fetching remote file list using authorized token...
[2026-02-07T15:52:39-08:00] Processing remote files...
[2026-02-07T15:52:39-08:00] PATH B: New file detected: PRD Driven Design.note (1XFKyduf0Gtg7vO9lHKppQ6nTVGP5l1ui)
[2026-02-07T15:52:39-08:00] PATH B: New file detected: Cerebras.note (1p7yZ7Z107GXitifcb8SJaCuzqpsxZbwb)
[2026-02-07T15:52:39-08:00] PATH B: New file detected: RAI.note (1F-31spZlpZd7MRMoVjzHHodGdD2YnN9J)
[2026-02-07T15:52:39-08:00] PATH B: New file detected: Interview Prep Nvidia.note (1Z_SsjE1Snv3HJm7jb7UrnsxDIuNamePY)
[2026-02-07T15:52:39-08:00] PATH B: New file detected: WhidbeyIslandPoodlesLLC_2024_TaxPenalty.note (1Zq_GR7HUGKj9u4cr5ZThY0_W10DqUSP6)
[2026-02-07T15:52:39-08:00] PATH B: New file detected: Board Meeting 12.16.note (1xyj92mjwGo-LTp_G8zyIN0lXex06J7z3)
[2026-02-07T15:52:39-08:00] PATH B: New file detected: Cognitive Behavioral Technique.note (14XOAHTxSHILvFHlSE3omg16j-bT6BrHv)
[2026-02-07T15:52:39-08:00] PATH B: New file detected: Journal.note (1pAGpkpf2LQM2u6IORIg821eWM-u_0Rxu)
[2026-02-07T15:52:39-08:00] PATH B: New file detected: 20170805_024447.note (1WVag-9UymRjtJwTuRNMMoHkBoY0NGP3W)
[2026-02-07T15:52:39-08:00] PATH B: New file detected: Duck Pen.note (1P2FEyy33_7FwzaRiQ6ViISZKktAlBSwN)
[2026-02-07T15:52:39-08:00] PATH B: New file detected: Trial 07-08-25.note (1do8sus1QsyClgYATEQ0WK8jNnEwnkjUZ)
[2026-02-07T15:52:39-08:00] PATH B: New file detected: Offsite Team Meeting.note (1ODLKHezZrNw_2YV29JyFZO-FrFrzgbIM)
[2026-02-07T15:52:39-08:00] PATH B: New file detected: Packing List Nola.note (1ztl663bk1HcKpbwm1YiXrb_INw7HK8XS)
[2026-02-07T15:52:39-08:00] PATH B: New file detected: Neuro Followup.note (1KuQE9L7hMFxynUG1hwt38jS_hGZHbZ00)
[2026-02-07T15:52:39-08:00] PATH B: New file detected: Sheet Metal.note (1ZU0HgCeg-BlU0K_8Q8Vk2-w-FkNgBz8W)
[2026-02-07T15:52:39-08:00] PATH B: New file detected: One on one.note (1zp8CNmi1xzHjXV8IUExdDz0rfXiH70S1)
[2026-02-07T15:52:39-08:00] PATH B: New file detected: stimulants.note (1F6sSxFOP0b0SFzbS-M5sDCcIeOhoF1gw)
[2026-02-07T15:52:39-08:00] PATH B: New file detected: Inverter Hookup.note (1PvNNXeQpfKYZ65EmbOZFhIi7xz_qCHxi)
[2026-02-07T15:52:39-08:00] PATH B: New file detected: Whidbey Island Poodles.note (1GNztXfGfTeY_N32-MWBqvZKp49YRYqfA)
[2026-02-07T15:52:39-08:00] PATH B: New file detected: Workouts.note (1ZwKq-2VephjWpRiUz6PA5KsTlorTpCWl)
[2026-02-07T15:52:39-08:00] PATH B: New file detected: Camper Land.note (1rlLkabe-eRureeBi0OrnUJy_8r9b9Znh)
[2026-02-07T15:52:39-08:00] PATH B: New file detected: GitHub Onboarding.note (1ed6N3EaIdBb4KriOrxq-fgpozhIUr_jJ)
[2026-02-07T15:52:39-08:00] PATH B: New file detected: Transition Planning.note (1LXGmCyaPdbgq1FMizlTCamXU44mxlHZ5)
[2026-02-07T15:52:39-08:00] PATH B: New file detected: 20240601_200446.note (1nmh-TbJzQZPrDs7W0_UnAZZhA-niVAd2)
[2026-02-07T15:52:39-08:00] PATH B: New file detected: Ephemeral Notes.note (1G0r3gWMIqpUnmFmfcNdCE5Gi4EusZcmI)
[2026-02-07T15:52:39-08:00] Waking agent for 25 new file(s)
[2026-02-07T15:52:44-08:00] Agent wake triggered
[2026-02-07T15:52:44-08:00] Sync complete. Updated: 0, New: 25
[2026-02-07T15:54:58-08:00] Fetching remote file list using authorized token...
[2026-02-07T15:55:00-08:00] Processing remote files...
[2026-02-07T15:55:00-08:00] PATH B: New file detected: PRD Driven Design.note (1XFKyduf0Gtg7vO9lHKppQ6nTVGP5l1ui)
[2026-02-07T15:55:00-08:00] PATH B: New file detected: Cerebras.note (1p7yZ7Z107GXitifcb8SJaCuzqpsxZbwb)
[2026-02-07T15:55:00-08:00] PATH B: New file detected: RAI.note (1F-31spZlpZd7MRMoVjzHHodGdD2YnN9J)
[2026-02-07T15:55:00-08:00] PATH B: New file detected: Interview Prep Nvidia.note (1Z_SsjE1Snv3HJm7jb7UrnsxDIuNamePY)
[2026-02-07T15:55:00-08:00] PATH B: New file detected: WhidbeyIslandPoodlesLLC_2024_TaxPenalty.note (1Zq_GR7HUGKj9u4cr5ZThY0_W10DqUSP6)
[2026-02-07T15:55:00-08:00] PATH B: New file detected: Board Meeting 12.16.note (1xyj92mjwGo-LTp_G8zyIN0lXex06J7z3)
[2026-02-07T15:55:00-08:00] PATH B: New file detected: Cognitive Behavioral Technique.note (14XOAHTxSHILvFHlSE3omg16j-bT6BrHv)
[2026-02-07T15:55:00-08:00] PATH B: New file detected: Journal.note (1pAGpkpf2LQM2u6IORIg821eWM-u_0Rxu)
[2026-02-07T15:55:00-08:00] PATH B: New file detected: 20170805_024447.note (1WVag-9UymRjtJwTuRNMMoHkBoY0NGP3W)
[2026-02-07T15:55:00-08:00] PATH B: New file detected: Duck Pen.note (1P2FEyy33_7FwzaRiQ6ViISZKktAlBSwN)
[2026-02-07T15:55:00-08:00] PATH B: New file detected: Trial 07-08-25.note (1do8sus1QsyClgYATEQ0WK8jNnEwnkjUZ)
[2026-02-07T15:55:00-08:00] PATH B: New file detected: Offsite Team Meeting.note (1ODLKHezZrNw_2YV29JyFZO-FrFrzgbIM)
[2026-02-07T15:55:00-08:00] PATH B: New file detected: Packing List Nola.note (1ztl663bk1HcKpbwm1YiXrb_INw7HK8XS)
[2026-02-07T15:55:00-08:00] PATH B: New file detected: Neuro Followup.note (1KuQE9L7hMFxynUG1hwt38jS_hGZHbZ00)
[2026-02-07T15:55:00-08:00] PATH B: New file detected: Sheet Metal.note (1ZU0HgCeg-BlU0K_8Q8Vk2-w-FkNgBz8W)
[2026-02-07T15:55:00-08:00] PATH B: New file detected: One on one.note (1zp8CNmi1xzHjXV8IUExdDz0rfXiH70S1)
[2026-02-07T15:55:00-08:00] PATH B: New file detected: stimulants.note (1F6sSxFOP0b0SFzbS-M5sDCcIeOhoF1gw)
[2026-02-07T15:55:00-08:00] PATH B: New file detected: Inverter Hookup.note (1PvNNXeQpfKYZ65EmbOZFhIi7xz_qCHxi)
[2026-02-07T15:55:00-08:00] PATH B: New file detected: Whidbey Island Poodles.note (1GNztXfGfTeY_N32-MWBqvZKp49YRYqfA)
[2026-02-07T15:55:00-08:00] PATH B: New file detected: Workouts.note (1ZwKq-2VephjWpRiUz6PA5KsTlorTpCWl)
[2026-02-07T15:55:00-08:00] PATH B: New file detected: Camper Land.note (1rlLkabe-eRureeBi0OrnUJy_8r9b9Znh)
[2026-02-07T15:55:00-08:00] PATH B: New file detected: GitHub Onboarding.note (1ed6N3EaIdBb4KriOrxq-fgpozhIUr_jJ)
[2026-02-07T15:55:00-08:00] PATH B: New file detected: Transition Planning.note (1LXGmCyaPdbgq1FMizlTCamXU44mxlHZ5)
[2026-02-07T15:55:00-08:00] PATH B: New file detected: 20240601_200446.note (1nmh-TbJzQZPrDs7W0_UnAZZhA-niVAd2)
[2026-02-07T15:55:00-08:00] PATH B: New file detected: Ephemeral Notes.note (1G0r3gWMIqpUnmFmfcNdCE5Gi4EusZcmI)
[2026-02-07T15:55:00-08:00] Waking agent for 25 new file(s)
[2026-02-07T15:55:05-08:00] Agent wake triggered
[2026-02-07T15:55:05-08:00] Sync complete. Updated: 0, New: 25
[2026-02-07T16:07:29-08:00] Fetching remote file list using authorized token...
[2026-02-07T16:07:31-08:00] Processing remote files...
[2026-02-07T16:07:31-08:00] PATH B: New file detected: PRD Driven Design.note (1XFKyduf0Gtg7vO9lHKppQ6nTVGP5l1ui)
[2026-02-07T16:07:31-08:00] PATH B: New file detected: Cerebras.note (1p7yZ7Z107GXitifcb8SJaCuzqpsxZbwb)
[2026-02-07T16:07:31-08:00] PATH B: New file detected: RAI.note (1F-31spZlpZd7MRMoVjzHHodGdD2YnN9J)
[2026-02-07T16:07:31-08:00] PATH B: New file detected: Interview Prep Nvidia.note (1Z_SsjE1Snv3HJm7jb7UrnsxDIuNamePY)
[2026-02-07T16:07:31-08:00] PATH B: New file detected: WhidbeyIslandPoodlesLLC_2024_TaxPenalty.note (1Zq_GR7HUGKj9u4cr5ZThY0_W10DqUSP6)
[2026-02-07T16:07:31-08:00] PATH B: New file detected: Board Meeting 12.16.note (1xyj92mjwGo-LTp_G8zyIN0lXex06J7z3)
[2026-02-07T16:07:31-08:00] PATH B: New file detected: Cognitive Behavioral Technique.note (14XOAHTxSHILvFHlSE3omg16j-bT6BrHv)
[2026-02-07T16:07:31-08:00] PATH B: New file detected: Journal.note (1pAGpkpf2LQM2u6IORIg821eWM-u_0Rxu)
[2026-02-07T16:07:31-08:00] PATH B: New file detected: 20170805_024447.note (1WVag-9UymRjtJwTuRNMMoHkBoY0NGP3W)
[2026-02-07T16:07:31-08:00] PATH B: New file detected: Duck Pen.note (1P2FEyy33_7FwzaRiQ6ViISZKktAlBSwN)
[2026-02-07T16:07:31-08:00] PATH B: New file detected: Trial 07-08-25.note (1do8sus1QsyClgYATEQ0WK8jNnEwnkjUZ)
[2026-02-07T16:07:31-08:00] PATH B: New file detected: Offsite Team Meeting.note (1ODLKHezZrNw_2YV29JyFZO-FrFrzgbIM)
[2026-02-07T16:07:31-08:00] PATH B: New file detected: Packing List Nola.note (1ztl663bk1HcKpbwm1YiXrb_INw7HK8XS)
[2026-02-07T16:07:31-08:00] PATH B: New file detected: Neuro Followup.note (1KuQE9L7hMFxynUG1hwt38jS_hGZHbZ00)
[2026-02-07T16:07:31-08:00] PATH B: New file detected: Sheet Metal.note (1ZU0HgCeg-BlU0K_8Q8Vk2-w-FkNgBz8W)
[2026-02-07T16:07:31-08:00] PATH B: New file detected: One on one.note (1zp8CNmi1xzHjXV8IUExdDz0rfXiH70S1)
[2026-02-07T16:07:31-08:00] PATH B: New file detected: stimulants.note (1F6sSxFOP0b0SFzbS-M5sDCcIeOhoF1gw)
[2026-02-07T16:07:31-08:00] PATH B: New file detected: Inverter Hookup.note (1PvNNXeQpfKYZ65EmbOZFhIi7xz_qCHxi)
[2026-02-07T16:07:31-08:00] PATH B: New file detected: Whidbey Island Poodles.note (1GNztXfGfTeY_N32-MWBqvZKp49YRYqfA)
[2026-02-07T16:07:31-08:00] PATH B: New file detected: Workouts.note (1ZwKq-2VephjWpRiUz6PA5KsTlorTpCWl)
[2026-02-07T16:07:31-08:00] PATH B: New file detected: Camper Land.note (1rlLkabe-eRureeBi0OrnUJy_8r9b9Znh)
[2026-02-07T16:07:31-08:00] PATH B: New file detected: GitHub Onboarding.note (1ed6N3EaIdBb4KriOrxq-fgpozhIUr_jJ)
[2026-02-07T16:07:31-08:00] PATH B: New file detected: Transition Planning.note (1LXGmCyaPdbgq1FMizlTCamXU44mxlHZ5)
[2026-02-07T16:07:31-08:00] PATH B: New file detected: 20240601_200446.note (1nmh-TbJzQZPrDs7W0_UnAZZhA-niVAd2)
[2026-02-07T16:07:31-08:00] PATH B: New file detected: Ephemeral Notes.note (1G0r3gWMIqpUnmFmfcNdCE5Gi4EusZcmI)
[2026-02-07T16:07:31-08:00] Waking agent for 25 new file(s)
[2026-02-07T16:07:35-08:00] Agent wake triggered
[2026-02-07T16:07:35-08:00] Sync complete. Updated: 0, New: 25
[2026-02-07T18:22:32-08:00] Fetching remote file list using authorized token...
[2026-02-07T18:22:34-08:00] Processing remote files...
[2026-02-07T18:22:34-08:00] PATH B: New file detected: PRD Driven Design.note (1XFKyduf0Gtg7vO9lHKppQ6nTVGP5l1ui)
[2026-02-07T18:22:36-08:00] Downloaded new file to buffer: PRD Driven Design.note
[2026-02-07T18:22:36-08:00] PATH B: New file detected: Cerebras.note (1p7yZ7Z107GXitifcb8SJaCuzqpsxZbwb)
[2026-02-07T18:22:39-08:00] Downloaded new file to buffer: Cerebras.note
[2026-02-07T18:22:39-08:00] PATH B: New file detected: RAI.note (1F-31spZlpZd7MRMoVjzHHodGdD2YnN9J)
[2026-02-07T18:22:41-08:00] Downloaded new file to buffer: RAI.note
[2026-02-07T18:22:41-08:00] PATH B: New file detected: Interview Prep Nvidia.note (1Z_SsjE1Snv3HJm7jb7UrnsxDIuNamePY)
[2026-02-07T18:22:46-08:00] Downloaded new file to buffer: Interview Prep Nvidia.note
[2026-02-07T18:22:46-08:00] PATH B: New file detected: WhidbeyIslandPoodlesLLC_2024_TaxPenalty.note (1Zq_GR7HUGKj9u4cr5ZThY0_W10DqUSP6)
[2026-02-07T18:22:48-08:00] Downloaded new file to buffer: WhidbeyIslandPoodlesLLC_2024_TaxPenalty.note
[2026-02-07T18:22:48-08:00] PATH B: New file detected: Board Meeting 12.16.note (1xyj92mjwGo-LTp_G8zyIN0lXex06J7z3)
[2026-02-07T18:22:50-08:00] Downloaded new file to buffer: Board Meeting 12.16.note
[2026-02-07T18:22:50-08:00] PATH B: New file detected: Cognitive Behavioral Technique.note (14XOAHTxSHILvFHlSE3omg16j-bT6BrHv)
[2026-02-07T18:22:52-08:00] Downloaded new file to buffer: Cognitive Behavioral Technique.note
[2026-02-07T18:22:52-08:00] PATH B: New file detected: Journal.note (1pAGpkpf2LQM2u6IORIg821eWM-u_0Rxu)
[2026-02-07T18:22:55-08:00] Downloaded new file to buffer: Journal.note
[2026-02-07T18:22:55-08:00] PATH B: New file detected: 20170805_024447.note (1WVag-9UymRjtJwTuRNMMoHkBoY0NGP3W)
[2026-02-07T18:22:57-08:00] Downloaded new file to buffer: 20170805_024447.note
[2026-02-07T18:22:57-08:00] PATH B: New file detected: Duck Pen.note (1P2FEyy33_7FwzaRiQ6ViISZKktAlBSwN)
[2026-02-07T18:22:59-08:00] Downloaded new file to buffer: Duck Pen.note
[2026-02-07T18:22:59-08:00] PATH B: New file detected: Trial 07-08-25.note (1do8sus1QsyClgYATEQ0WK8jNnEwnkjUZ)
[2026-02-07T18:23:00-08:00] Downloaded new file to buffer: Trial 07-08-25.note
[2026-02-07T18:23:00-08:00] PATH B: New file detected: Offsite Team Meeting.note (1ODLKHezZrNw_2YV29JyFZO-FrFrzgbIM)
[2026-02-07T18:23:02-08:00] Downloaded new file to buffer: Offsite Team Meeting.note
[2026-02-07T18:23:02-08:00] PATH B: New file detected: Packing List Nola.note (1ztl663bk1HcKpbwm1YiXrb_INw7HK8XS)
[2026-02-07T18:23:04-08:00] Downloaded new file to buffer: Packing List Nola.note
[2026-02-07T18:23:04-08:00] PATH B: New file detected: Neuro Followup.note (1KuQE9L7hMFxynUG1hwt38jS_hGZHbZ00)
[2026-02-07T18:23:06-08:00] Downloaded new file to buffer: Neuro Followup.note
[2026-02-07T18:23:06-08:00] PATH B: New file detected: Sheet Metal.note (1ZU0HgCeg-BlU0K_8Q8Vk2-w-FkNgBz8W)
[2026-02-07T18:23:07-08:00] Downloaded new file to buffer: Sheet Metal.note
[2026-02-07T18:23:07-08:00] PATH B: New file detected: One on one.note (1zp8CNmi1xzHjXV8IUExdDz0rfXiH70S1)
[2026-02-07T18:23:09-08:00] Downloaded new file to buffer: One on one.note
[2026-02-07T18:23:09-08:00] PATH B: New file detected: stimulants.note (1F6sSxFOP0b0SFzbS-M5sDCcIeOhoF1gw)
[2026-02-07T18:23:11-08:00] Downloaded new file to buffer: stimulants.note
[2026-02-07T18:23:11-08:00] PATH B: New file detected: Inverter Hookup.note (1PvNNXeQpfKYZ65EmbOZFhIi7xz_qCHxi)
[2026-02-07T18:23:12-08:00] Downloaded new file to buffer: Inverter Hookup.note
[2026-02-07T18:23:12-08:00] PATH B: New file detected: Whidbey Island Poodles.note (1GNztXfGfTeY_N32-MWBqvZKp49YRYqfA)
[2026-02-07T18:23:14-08:00] Downloaded new file to buffer: Whidbey Island Poodles.note
[2026-02-07T18:23:14-08:00] PATH B: New file detected: Workouts.note (1ZwKq-2VephjWpRiUz6PA5KsTlorTpCWl)
[2026-02-07T18:23:16-08:00] Downloaded new file to buffer: Workouts.note
[2026-02-07T18:23:16-08:00] PATH B: New file detected: Camper Land.note (1rlLkabe-eRureeBi0OrnUJy_8r9b9Znh)
[2026-02-07T18:23:18-08:00] Downloaded new file to buffer: Camper Land.note
[2026-02-07T18:23:18-08:00] PATH B: New file detected: GitHub Onboarding.note (1ed6N3EaIdBb4KriOrxq-fgpozhIUr_jJ)
[2026-02-07T18:23:19-08:00] Downloaded new file to buffer: GitHub Onboarding.note
[2026-02-07T18:23:20-08:00] PATH B: New file detected: Transition Planning.note (1LXGmCyaPdbgq1FMizlTCamXU44mxlHZ5)
[2026-02-07T18:23:21-08:00] Downloaded new file to buffer: Transition Planning.note
[2026-02-07T18:23:21-08:00] PATH B: New file detected: 20240601_200446.note (1nmh-TbJzQZPrDs7W0_UnAZZhA-niVAd2)
[2026-02-07T18:23:24-08:00] Downloaded new file to buffer: 20240601_200446.note
[2026-02-07T18:23:24-08:00] PATH B: New file detected: Ephemeral Notes.note (1G0r3gWMIqpUnmFmfcNdCE5Gi4EusZcmI)
[2026-02-07T18:23:26-08:00] Downloaded new file to buffer: Ephemeral Notes.note
[2026-02-07T18:23:26-08:00] Waking agent for 25 new file(s), 0 updated file(s)
[2026-02-07T18:23:31-08:00] Agent wake triggered
[2026-02-07T18:23:31-08:00] Sync complete. Updated: 0, New: 25
[2026-02-08T10:07:03-08:00] Fetching remote file list using authorized token...
[2026-02-08T10:07:05-08:00] Processing remote files...
[2026-02-08T10:07:05-08:00] PATH B: New file detected: PRD Driven Design.note (1XFKyduf0Gtg7vO9lHKppQ6nTVGP5l1ui)
[2026-02-08T10:07:07-08:00] Downloaded new file to buffer: PRD Driven Design.note
[2026-02-08T10:07:07-08:00] PATH B: New file detected: Cerebras.note (1p7yZ7Z107GXitifcb8SJaCuzqpsxZbwb)
[2026-02-08T10:07:10-08:00] Downloaded new file to buffer: Cerebras.note
[2026-02-08T10:07:10-08:00] PATH B: New file detected: RAI.note (1F-31spZlpZd7MRMoVjzHHodGdD2YnN9J)
[2026-02-08T10:07:11-08:00] Downloaded new file to buffer: RAI.note
[2026-02-08T10:07:12-08:00] PATH B: New file detected: Interview Prep Nvidia.note (1Z_SsjE1Snv3HJm7jb7UrnsxDIuNamePY)
[2026-02-08T10:07:18-08:00] Downloaded new file to buffer: Interview Prep Nvidia.note
[2026-02-08T10:07:18-08:00] PATH B: New file detected: WhidbeyIslandPoodlesLLC_2024_TaxPenalty.note (1Zq_GR7HUGKj9u4cr5ZThY0_W10DqUSP6)
[2026-02-08T10:07:20-08:00] Downloaded new file to buffer: WhidbeyIslandPoodlesLLC_2024_TaxPenalty.note
[2026-02-08T10:07:20-08:00] PATH B: New file detected: Board Meeting 12.16.note (1xyj92mjwGo-LTp_G8zyIN0lXex06J7z3)
[2026-02-08T10:07:23-08:00] Downloaded new file to buffer: Board Meeting 12.16.note
[2026-02-08T10:07:23-08:00] PATH B: New file detected: Cognitive Behavioral Technique.note (14XOAHTxSHILvFHlSE3omg16j-bT6BrHv)
[2026-02-08T10:07:25-08:00] Downloaded new file to buffer: Cognitive Behavioral Technique.note
[2026-02-08T10:07:25-08:00] PATH B: New file detected: Journal.note (1pAGpkpf2LQM2u6IORIg821eWM-u_0Rxu)
[2026-02-08T10:07:28-08:00] Downloaded new file to buffer: Journal.note
[2026-02-08T10:07:28-08:00] PATH B: New file detected: 20170805_024447.note (1WVag-9UymRjtJwTuRNMMoHkBoY0NGP3W)
[2026-02-08T10:07:29-08:00] Downloaded new file to buffer: 20170805_024447.note
[2026-02-08T10:07:29-08:00] PATH B: New file detected: Duck Pen.note (1P2FEyy33_7FwzaRiQ6ViISZKktAlBSwN)
[2026-02-08T10:07:31-08:00] Downloaded new file to buffer: Duck Pen.note
[2026-02-08T10:07:31-08:00] PATH B: New file detected: Trial 07-08-25.note (1do8sus1QsyClgYATEQ0WK8jNnEwnkjUZ)
[2026-02-08T10:07:33-08:00] Downloaded new file to buffer: Trial 07-08-25.note
[2026-02-08T10:07:33-08:00] PATH B: New file detected: Offsite Team Meeting.note (1ODLKHezZrNw_2YV29JyFZO-FrFrzgbIM)
[2026-02-08T10:07:35-08:00] Downloaded new file to buffer: Offsite Team Meeting.note
[2026-02-08T10:07:35-08:00] PATH B: New file detected: Packing List Nola.note (1ztl663bk1HcKpbwm1YiXrb_INw7HK8XS)
[2026-02-08T10:07:36-08:00] Downloaded new file to buffer: Packing List Nola.note
[2026-02-08T10:07:36-08:00] PATH B: New file detected: Neuro Followup.note (1KuQE9L7hMFxynUG1hwt38jS_hGZHbZ00)
[2026-02-08T10:07:38-08:00] Downloaded new file to buffer: Neuro Followup.note
[2026-02-08T10:07:38-08:00] PATH B: New file detected: Sheet Metal.note (1ZU0HgCeg-BlU0K_8Q8Vk2-w-FkNgBz8W)
[2026-02-08T10:07:40-08:00] Downloaded new file to buffer: Sheet Metal.note
[2026-02-08T10:07:40-08:00] PATH B: New file detected: One on one.note (1zp8CNmi1xzHjXV8IUExdDz0rfXiH70S1)
[2026-02-08T10:07:42-08:00] Downloaded new file to buffer: One on one.note
[2026-02-08T10:07:42-08:00] PATH B: New file detected: stimulants.note (1F6sSxFOP0b0SFzbS-M5sDCcIeOhoF1gw)
[2026-02-08T10:07:44-08:00] Downloaded new file to buffer: stimulants.note
[2026-02-08T10:07:44-08:00] PATH B: New file detected: Inverter Hookup.note (1PvNNXeQpfKYZ65EmbOZFhIi7xz_qCHxi)
[2026-02-08T10:07:45-08:00] Downloaded new file to buffer: Inverter Hookup.note
[2026-02-08T10:07:45-08:00] PATH B: New file detected: Whidbey Island Poodles.note (1GNztXfGfTeY_N32-MWBqvZKp49YRYqfA)
[2026-02-08T10:07:47-08:00] Downloaded new file to buffer: Whidbey Island Poodles.note
[2026-02-08T10:07:47-08:00] PATH B: New file detected: Workouts.note (1ZwKq-2VephjWpRiUz6PA5KsTlorTpCWl)
[2026-02-08T10:07:49-08:00] Downloaded new file to buffer: Workouts.note
[2026-02-08T10:07:49-08:00] PATH B: New file detected: Camper Land.note (1rlLkabe-eRureeBi0OrnUJy_8r9b9Znh)
[2026-02-08T10:07:51-08:00] Downloaded new file to buffer: Camper Land.note
[2026-02-08T10:07:51-08:00] PATH B: New file detected: GitHub Onboarding.note (1ed6N3EaIdBb4KriOrxq-fgpozhIUr_jJ)
[2026-02-08T10:07:52-08:00] Downloaded new file to buffer: GitHub Onboarding.note
[2026-02-08T10:07:52-08:00] PATH B: New file detected: Transition Planning.note (1LXGmCyaPdbgq1FMizlTCamXU44mxlHZ5)
[2026-02-08T10:07:54-08:00] Downloaded new file to buffer: Transition Planning.note
[2026-02-08T10:07:54-08:00] PATH B: New file detected: 20240601_200446.note (1nmh-TbJzQZPrDs7W0_UnAZZhA-niVAd2)
[2026-02-08T10:07:56-08:00] Downloaded new file to buffer: 20240601_200446.note
[2026-02-08T10:07:56-08:00] PATH B: New file detected: Ephemeral Notes.note (1G0r3gWMIqpUnmFmfcNdCE5Gi4EusZcmI)
[2026-02-08T10:07:58-08:00] Downloaded new file to buffer: Ephemeral Notes.note
[2026-02-08T10:07:58-08:00] Waking agent for 25 new file(s), 0 updated file(s)
[2026-02-08T10:08:01-08:00] Agent wake triggered
[2026-02-08T10:08:01-08:00] Sync complete. Updated: 0, New: 25
[2026-02-08T10:17:03-08:00] Fetching remote file list using authorized token...
[2026-02-08T10:17:05-08:00] Processing remote files...
[2026-02-08T10:17:05-08:00] PATH B: New file detected: PRD Driven Design.note (1XFKyduf0Gtg7vO9lHKppQ6nTVGP5l1ui)
[2026-02-08T10:17:07-08:00] Downloaded new file to buffer: PRD Driven Design.note
[2026-02-08T10:17:07-08:00] PATH B: New file detected: Cerebras.note (1p7yZ7Z107GXitifcb8SJaCuzqpsxZbwb)
[2026-02-08T10:17:09-08:00] Downloaded new file to buffer: Cerebras.note
[2026-02-08T10:17:09-08:00] PATH B: New file detected: RAI.note (1F-31spZlpZd7MRMoVjzHHodGdD2YnN9J)
[2026-02-08T10:17:10-08:00] Downloaded new file to buffer: RAI.note
[2026-02-08T10:17:10-08:00] PATH B: New file detected: Interview Prep Nvidia.note (1Z_SsjE1Snv3HJm7jb7UrnsxDIuNamePY)
[2026-02-08T10:17:15-08:00] Downloaded new file to buffer: Interview Prep Nvidia.note
[2026-02-08T10:17:15-08:00] PATH B: New file detected: WhidbeyIslandPoodlesLLC_2024_TaxPenalty.note (1Zq_GR7HUGKj9u4cr5ZThY0_W10DqUSP6)
[2026-02-08T10:17:17-08:00] Downloaded new file to buffer: WhidbeyIslandPoodlesLLC_2024_TaxPenalty.note
[2026-02-08T10:17:17-08:00] PATH B: New file detected: Board Meeting 12.16.note (1xyj92mjwGo-LTp_G8zyIN0lXex06J7z3)
[2026-02-08T10:17:18-08:00] Downloaded new file to buffer: Board Meeting 12.16.note
[2026-02-08T10:17:18-08:00] PATH B: New file detected: Cognitive Behavioral Technique.note (14XOAHTxSHILvFHlSE3omg16j-bT6BrHv)
[2026-02-08T10:17:20-08:00] Downloaded new file to buffer: Cognitive Behavioral Technique.note
[2026-02-08T10:17:20-08:00] PATH B: New file detected: Journal.note (1pAGpkpf2LQM2u6IORIg821eWM-u_0Rxu)
[2026-02-08T10:17:22-08:00] Downloaded new file to buffer: Journal.note
[2026-02-08T10:17:22-08:00] PATH B: New file detected: 20170805_024447.note (1WVag-9UymRjtJwTuRNMMoHkBoY0NGP3W)
[2026-02-08T10:17:24-08:00] Downloaded new file to buffer: 20170805_024447.note
[2026-02-08T10:17:24-08:00] PATH B: New file detected: Duck Pen.note (1P2FEyy33_7FwzaRiQ6ViISZKktAlBSwN)
[2026-02-08T10:17:25-08:00] Downloaded new file to buffer: Duck Pen.note
[2026-02-08T10:17:25-08:00] PATH B: New file detected: Trial 07-08-25.note (1do8sus1QsyClgYATEQ0WK8jNnEwnkjUZ)
[2026-02-08T10:17:27-08:00] Downloaded new file to buffer: Trial 07-08-25.note
[2026-02-08T10:17:27-08:00] PATH B: New file detected: Offsite Team Meeting.note (1ODLKHezZrNw_2YV29JyFZO-FrFrzgbIM)
[2026-02-08T10:17:29-08:00] Downloaded new file to buffer: Offsite Team Meeting.note
[2026-02-08T10:17:29-08:00] PATH B: New file detected: Packing List Nola.note (1ztl663bk1HcKpbwm1YiXrb_INw7HK8XS)
[2026-02-08T10:17:30-08:00] Downloaded new file to buffer: Packing List Nola.note
[2026-02-08T10:17:30-08:00] PATH B: New file detected: Neuro Followup.note (1KuQE9L7hMFxynUG1hwt38jS_hGZHbZ00)
[2026-02-08T10:17:31-08:00] Downloaded new file to buffer: Neuro Followup.note
[2026-02-08T10:17:32-08:00] PATH B: New file detected: Sheet Metal.note (1ZU0HgCeg-BlU0K_8Q8Vk2-w-FkNgBz8W)
[2026-02-08T10:17:33-08:00] Downloaded new file to buffer: Sheet Metal.note
[2026-02-08T10:17:33-08:00] PATH B: New file detected: One on one.note (1zp8CNmi1xzHjXV8IUExdDz0rfXiH70S1)
[2026-02-08T10:17:34-08:00] Downloaded new file to buffer: One on one.note
[2026-02-08T10:17:34-08:00] PATH B: New file detected: stimulants.note (1F6sSxFOP0b0SFzbS-M5sDCcIeOhoF1gw)
[2026-02-08T10:17:36-08:00] Downloaded new file to buffer: stimulants.note
[2026-02-08T10:17:36-08:00] PATH B: New file detected: Inverter Hookup.note (1PvNNXeQpfKYZ65EmbOZFhIi7xz_qCHxi)
[2026-02-08T10:17:38-08:00] Downloaded new file to buffer: Inverter Hookup.note
[2026-02-08T10:17:38-08:00] PATH B: New file detected: Whidbey Island Poodles.note (1GNztXfGfTeY_N32-MWBqvZKp49YRYqfA)
[2026-02-08T10:17:39-08:00] Downloaded new file to buffer: Whidbey Island Poodles.note
[2026-02-08T10:17:39-08:00] PATH B: New file detected: Workouts.note (1ZwKq-2VephjWpRiUz6PA5KsTlorTpCWl)
[2026-02-08T10:17:41-08:00] Downloaded new file to buffer: Workouts.note
[2026-02-08T10:17:41-08:00] PATH B: New file detected: Camper Land.note (1rlLkabe-eRureeBi0OrnUJy_8r9b9Znh)
[2026-02-08T10:17:43-08:00] Downloaded new file to buffer: Camper Land.note
[2026-02-08T10:17:43-08:00] PATH B: New file detected: GitHub Onboarding.note (1ed6N3EaIdBb4KriOrxq-fgpozhIUr_jJ)
[2026-02-08T10:17:45-08:00] Downloaded new file to buffer: GitHub Onboarding.note
[2026-02-08T10:17:45-08:00] PATH B: New file detected: Transition Planning.note (1LXGmCyaPdbgq1FMizlTCamXU44mxlHZ5)
[2026-02-08T10:17:46-08:00] Downloaded new file to buffer: Transition Planning.note
[2026-02-08T10:17:46-08:00] PATH B: New file detected: 20240601_200446.note (1nmh-TbJzQZPrDs7W0_UnAZZhA-niVAd2)
[2026-02-08T10:17:48-08:00] Downloaded new file to buffer: 20240601_200446.note
[2026-02-08T10:17:48-08:00] PATH B: New file detected: Ephemeral Notes.note (1G0r3gWMIqpUnmFmfcNdCE5Gi4EusZcmI)
[2026-02-08T10:17:50-08:00] Downloaded new file to buffer: Ephemeral Notes.note
[2026-02-08T10:17:50-08:00] Waking agent for 25 new file(s), 0 updated file(s)
[2026-02-08T10:17:54-08:00] Agent wake triggered
[2026-02-08T10:17:54-08:00] Sync complete. Updated: 0, New: 25
[2026-02-08T10:19:19-08:00] Fetching remote file list using authorized token...
[2026-02-08T10:19:20-08:00] Processing remote files...
[2026-02-08T10:19:21-08:00] Sync complete. Updated: 0, New: 0
[2026-02-08T10:27:03-08:00] Fetching remote file list using authorized token...
[2026-02-08T10:27:05-08:00] Processing remote files...
[2026-02-08T10:27:06-08:00] Sync complete. Updated: 0, New: 0
[2026-02-08T10:37:03-08:00] Fetching remote file list using authorized token...
[2026-02-08T10:37:05-08:00] Processing remote files...
[2026-02-08T10:37:06-08:00] Sync complete. Updated: 0, New: 0
[2026-02-08T10:47:03-08:00] Fetching remote file list using authorized token...
[2026-02-08T10:47:04-08:00] Processing remote files...
[2026-02-08T10:47:05-08:00] Sync complete. Updated: 0, New: 0
[2026-02-08T10:57:03-08:00] Fetching remote file list using authorized token...
[2026-02-08T10:57:05-08:00] Processing remote files...
[2026-02-08T10:57:06-08:00] Sync complete. Updated: 0, New: 0
[2026-02-08T11:07:03-08:00] Fetching remote file list using authorized token...
[2026-02-08T11:07:05-08:00] Processing remote files...
[2026-02-08T11:07:05-08:00] Sync complete. Updated: 0, New: 0
[2026-02-08T11:17:03-08:00] Fetching remote file list using authorized token...
[2026-02-08T11:17:05-08:00] Processing remote files...
[2026-02-08T11:17:05-08:00] Sync complete. Updated: 0, New: 0
[2026-02-08T11:27:03-08:00] Fetching remote file list using authorized token...
[2026-02-08T11:27:05-08:00] Processing remote files...
[2026-02-08T11:27:06-08:00] Sync complete. Updated: 0, New: 0
[2026-02-08T11:37:03-08:00] Fetching remote file list using authorized token...
[2026-02-08T11:37:04-08:00] Processing remote files...
[2026-02-08T11:37:05-08:00] Sync complete. Updated: 0, New: 0
[2026-02-08T11:47:03-08:00] Fetching remote file list using authorized token...
[2026-02-08T11:47:04-08:00] Processing remote files...
[2026-02-08T11:47:05-08:00] Sync complete. Updated: 0, New: 0
[2026-02-08T11:57:03-08:00] Fetching remote file list using authorized token...
[2026-02-08T11:57:04-08:00] Processing remote files...
[2026-02-08T11:57:05-08:00] Sync complete. Updated: 0, New: 0
[2026-02-08T12:07:03-08:00] Fetching remote file list using authorized token...
[2026-02-08T12:07:05-08:00] Processing remote files...
[2026-02-08T12:07:05-08:00] Sync complete. Updated: 0, New: 0
[2026-02-08T12:17:03-08:00] Fetching remote file list using authorized token...
[2026-02-08T12:17:05-08:00] Processing remote files...
[2026-02-08T12:17:05-08:00] Sync complete. Updated: 0, New: 0
[2026-02-08T12:27:03-08:00] Fetching remote file list using authorized token...
[2026-02-08T12:27:05-08:00] Processing remote files...
[2026-02-08T12:27:05-08:00] Sync complete. Updated: 0, New: 0
[2026-02-08T12:37:03-08:00] Fetching remote file list using authorized token...
[2026-02-08T12:37:05-08:00] Processing remote files...
[2026-02-08T12:37:06-08:00] Sync complete. Updated: 0, New: 0
